{"level":"info","message":"✅ Big Server (Port 3000) is connected","timestamp":"2026-04-08T20:24:20.885Z"}
{"level":"warn","message":"❌ DB Manager (Port 3007) connection error: Request failed with status code 429","timestamp":"2026-04-08T20:24:26.282Z"}
{"level":"info","message":"✅ Big Server (Port 3000) is connected","timestamp":"2026-04-08T20:24:56.600Z"}
{"level":"warn","message":"❌ DB Manager (Port 3007) connection error: Request failed with status code 429","timestamp":"2026-04-08T20:25:01.303Z"}
{"level":"info","message":"✅ Big Server (Port 3000) is connected","timestamp":"2026-04-08T20:25:26.656Z"}
{"level":"warn","message":"❌ DB Manager (Port 3007) connection error: Request failed with status code 429","timestamp":"2026-04-08T20:25:31.557Z"}
{"level":"info","message":"✅ Big Server (Port 3000) is connected","timestamp":"2026-04-08T20:25:45.149Z"}
{"level":"warn","message":"❌ DB Manager (Port 3007) connection error: Request failed with status code 429","timestamp":"2026-04-08T20:25:49.971Z"}
{"level":"info","message":"✅ Big Server (Port 3000) is connected","timestamp":"2026-04-08T20:26:20.243Z"}
{"level":"warn","message":"❌ DB Manager (Port 3007) connection error: Request failed with status code 429","timestamp":"2026-04-08T20:26:24.954Z"}
{"level":"info","message":"✅ Big Server (Port 3000) is connected","timestamp":"2026-04-08T20:26:50.593Z"}
{"level":"warn","message":"❌ DB Manager (Port 3007) connection error: Request failed with status code 429","timestamp":"2026-04-08T20:26:55.304Z"}
{"level":"info","message":"✅ Big Server (Port 3000) is connected","timestamp":"2026-04-08T20:27:20.250Z"}
{"level":"info","message":"✅ DB Manager (Port 3007) is connected","timestamp":"2026-04-08T20:27:20.527Z"}
{"level":"info","message":"✅ Big Server is connected","timestamp":"2026-04-10T18:04:44.784Z"}
{"level":"info","message":"✅ DB Manager is connected","timestamp":"2026-04-10T18:04:45.195Z"}
{"level":"info","message":"🔌 Connecting to DB Manager via Socket.IO...","timestamp":"2026-04-10T18:04:45.202Z"}
{"level":"info","message":"✅ Connected to DB Manager via Socket.IO","timestamp":"2026-04-10T18:04:45.310Z"}
{"level":"info","message":"🎯 DB Manager acknowledged connection: Connected to Database Manager","socketId":"UOPZ0cz9E-DX5M_6AAAB","timestamp":"2026-04-10T18:04:45.313Z"}
{"level":"info","message":"📊 Requesting real-time game data for Stage H","timestamp":"2026-04-10T18:04:55.224Z"}
{"level":"info","message":"✅ Big Server is connected","timestamp":"2026-04-10T18:09:44.920Z"}
{"level":"info","message":"✅ DB Manager is connected","timestamp":"2026-04-10T18:09:44.974Z"}
{"level":"info","message":"🔌 Connecting to DB Manager via Socket.IO...","timestamp":"2026-04-10T18:09:44.998Z"}
{"level":"info","message":"✅ Connected to DB Manager via Socket.IO","timestamp":"2026-04-10T18:09:45.028Z"}
{"level":"info","message":"🎯 DB Manager acknowledged connection: Connected to Database Manager","socketId":"C8ziSyofBUREgnNcAAAD","timestamp":"2026-04-10T18:09:45.045Z"}
{"level":"info","message":"📊 Requesting real-time game data for Stage H","timestamp":"2026-04-10T18:09:55.009Z"}
{"level":"info","message":"📊 Requesting real-time game data for Stage H","timestamp":"2026-04-10T18:10:05.079Z"}
{"level":"info","message":"📊 Requesting real-time game data for Stage H","timestamp":"2026-04-10T18:10:15.069Z"}
{"level":"info","message":"✅ Big Server is connected","timestamp":"2026-04-10T18:10:15.325Z"}
{"level":"info","message":"✅ DB Manager is connected","timestamp":"2026-04-10T18:10:15.333Z"}
{"level":"info","message":"📊 Requesting real-time game data for Stage H","timestamp":"2026-04-10T18:10:25.083Z"}
{"level":"info","message":"📊 Requesting real-time game data for Stage H","timestamp":"2026-04-10T18:10:35.076Z"}
{"level":"info","message":"📊 Requesting real-time game data for Stage H","timestamp":"2026-04-10T18:10:45.075Z"}
{"level":"info","message":"✅ Big Server is connected","timestamp":"2026-04-10T18:10:45.296Z"}
{"level":"info","message":"✅ DB Manager is connected","timestamp":"2026-04-10T18:10:45.308Z"}
{"level":"info","message":"📊 Requesting real-time game data for Stage H","timestamp":"2026-04-10T18:10:55.082Z"}
{"level":"info","message":"📊 Requesting real-time game data for Stage H","timestamp":"2026-04-10T18:11:05.094Z"}
{"level":"info","message":"📊 Requesting real-time game data for Stage H","timestamp":"2026-04-10T18:11:15.103Z"}
{"level":"info","message":"✅ Big Server is connected","timestamp":"2026-04-10T18:11:15.305Z"}
{"level":"info","message":"✅ DB Manager is connected","timestamp":"2026-04-10T18:11:15.310Z"}
{"level":"info","message":"📊 Requesting real-time game data for Stage H","timestamp":"2026-04-10T18:11:25.116Z"}
{"level":"info","message":"📊 Requesting real-time game data for Stage H","timestamp":"2026-04-10T18:11:35.128Z"}
{"level":"info","message":"📊 Requesting real-time game data for Stage H","timestamp":"2026-04-10T18:11:45.133Z"}
{"level":"info","message":"✅ Big Server is connected","timestamp":"2026-04-10T18:11:45.458Z"}
{"level":"info","message":"✅ DB Manager is connected","timestamp":"2026-04-10T18:11:45.466Z"}
{"level":"info","message":"📊 Requesting real-time game data for Stage H","timestamp":"2026-04-10T18:11:55.143Z"}
{"level":"info","message":"📊 Requesting real-time game data for Stage H","timestamp":"2026-04-10T18:12:05.146Z"}
{"level":"info","message":"📊 Requesting real-time game data for Stage H","timestamp":"2026-04-10T18:12:15.159Z"}
{"level":"info","message":"✅ Big Server is connected","timestamp":"2026-04-10T18:12:15.657Z"}
{"level":"info","message":"✅ DB Manager is connected","timestamp":"2026-04-10T18:12:15.663Z"}
{"level":"info","message":"📊 Requesting real-time game data for Stage H","timestamp":"2026-04-10T18:12:25.166Z"}
{"level":"info","message":"📊 Requesting real-time game data for Stage H","timestamp":"2026-04-10T18:12:35.176Z"}
{"level":"info","message":"📊 Requesting real-time game data for Stage H","timestamp":"2026-04-10T18:12:45.182Z"}
{"level":"info","message":"✅ Big Server is connected","timestamp":"2026-04-10T18:12:45.325Z"}
{"level":"info","message":"✅ DB Manager is connected","timestamp":"2026-04-10T18:12:45.349Z"}
{"level":"info","message":"📊 Requesting real-time game data for Stage H","timestamp":"2026-04-10T18:12:55.182Z"}
{"level":"info","message":"📊 Requesting real-time game data for Stage H","timestamp":"2026-04-10T18:13:05.197Z"}
{"level":"info","message":"📊 Requesting real-time game data for Stage H","timestamp":"2026-04-10T18:13:15.203Z"}
{"level":"info","message":"✅ Big Server is connected","timestamp":"2026-04-10T18:13:15.323Z"}
{"level":"info","message":"✅ DB Manager is connected","timestamp":"2026-04-10T18:13:15.330Z"}
{"level":"info","message":"📊 Requesting real-time game data for Stage H","timestamp":"2026-04-10T18:13:25.211Z"}
{"level":"info","message":"📊 Requesting real-time game data for Stage H","timestamp":"2026-04-10T18:13:35.214Z"}
{"level":"info","message":"📊 Requesting real-time game data for Stage H","timestamp":"2026-04-10T18:13:45.219Z"}
{"level":"info","message":"✅ Big Server is connected","timestamp":"2026-04-10T18:13:45.642Z"}
{"level":"info","message":"✅ DB Manager is connected","timestamp":"2026-04-10T18:13:45.648Z"}
{"level":"info","message":"📊 Requesting real-time game data for Stage H","timestamp":"2026-04-10T18:13:55.231Z"}
{"level":"info","message":"📊 Requesting real-time game data for Stage H","timestamp":"2026-04-10T18:14:05.235Z"}
{"level":"info","message":"📊 Requesting real-time game data for Stage H","timestamp":"2026-04-10T18:14:15.257Z"}
{"level":"info","message":"✅ Big Server is connected","timestamp":"2026-04-10T18:14:15.313Z"}
{"level":"info","message":"✅ DB Manager is connected","timestamp":"2026-04-10T18:14:15.351Z"}
{"level":"info","message":"📊 Requesting real-time game data for Stage H","timestamp":"2026-04-10T18:14:25.254Z"}
{"level":"info","message":"📊 Requesting real-time game data for Stage H","timestamp":"2026-04-10T18:14:35.261Z"}
{"level":"info","message":"📊 Requesting real-time game data for Stage H","timestamp":"2026-04-10T18:14:45.268Z"}
{"level":"info","message":"✅ Big Server is connected","timestamp":"2026-04-10T18:14:45.316Z"}
{"level":"info","message":"✅ DB Manager is connected","timestamp":"2026-04-10T18:14:45.327Z"}
{"level":"info","message":"📊 Requesting real-time game data for Stage H","timestamp":"2026-04-10T18:14:55.269Z"}
{"level":"info","message":"📊 Requesting real-time game data for Stage H","timestamp":"2026-04-10T18:15:05.275Z"}
{"level":"info","message":"📊 Requesting real-time game data for Stage H","timestamp":"2026-04-10T18:15:15.282Z"}
{"level":"info","message":"✅ Big Server is connected","timestamp":"2026-04-10T18:15:15.377Z"}
{"level":"info","message":"✅ DB Manager is connected","timestamp":"2026-04-10T18:15:15.384Z"}
{"level":"info","message":"📊 Requesting real-time game data for Stage H","timestamp":"2026-04-10T18:15:25.294Z"}
{"level":"info","message":"📊 Requesting real-time game data for Stage H","timestamp":"2026-04-10T18:15:35.296Z"}
{"level":"info","message":"📊 Requesting real-time game data for Stage H","timestamp":"2026-04-10T18:15:45.301Z"}
{"level":"info","message":"✅ Big Server is connected","timestamp":"2026-04-10T18:15:45.696Z"}
{"level":"info","message":"✅ DB Manager is connected","timestamp":"2026-04-10T18:15:45.836Z"}
{"level":"info","message":"📊 Requesting real-time game data for Stage H","timestamp":"2026-04-10T18:15:55.312Z"}
{"level":"info","message":"📊 Requesting real-time game data for Stage H","timestamp":"2026-04-10T18:16:05.320Z"}
{"level":"info","message":"✅ Big Server is connected","timestamp":"2026-04-10T18:17:01.396Z"}
{"level":"warn","message":"❌ DB Manager connection error: ","timestamp":"2026-04-10T18:17:05.431Z"}
{"level":"info","message":"🔌 Connecting to DB Manager via Socket.IO...","timestamp":"2026-04-10T18:17:05.434Z"}
{"level":"warn","message":"❌ Socket.IO connection error:","timestamp":"2026-04-10T18:17:05.441Z"}
{"level":"warn","message":"❌ Socket.IO connection error:","timestamp":"2026-04-10T18:17:06.634Z"}
{"level":"warn","message":"❌ Socket.IO connection error:","timestamp":"2026-04-10T18:17:09.426Z"}
{"level":"warn","message":"❌ Socket.IO connection error:","timestamp":"2026-04-10T18:17:14.438Z"}
{"level":"warn","message":"⚠️ Socket not connected, cannot request real-time data","timestamp":"2026-04-10T18:17:15.447Z"}
{"level":"warn","message":"❌ Socket.IO connection error:","timestamp":"2026-04-10T18:17:19.493Z"}
{"level":"warn","message":"❌ Socket.IO connection error:","timestamp":"2026-04-10T18:17:24.544Z"}
{"level":"warn","message":"⚠️ Socket not connected, cannot request real-time data","timestamp":"2026-04-10T18:17:25.455Z"}
{"level":"warn","message":"⚠️ Socket not connected, cannot request real-time data","timestamp":"2026-04-10T18:17:35.461Z"}
{"level":"info","message":"✅ Big Server is connected","timestamp":"2026-04-10T18:17:35.770Z"}
{"level":"warn","message":"❌ DB Manager connection error: ","timestamp":"2026-04-10T18:17:39.784Z"}
{"level":"warn","message":"⚠️ Socket not connected, cannot request real-time data","timestamp":"2026-04-10T18:17:45.467Z"}
{"level":"warn","message":"⚠️ Socket not connected, cannot request real-time data","timestamp":"2026-04-10T18:17:55.475Z"}
{"level":"warn","message":"⚠️ Socket not connected, cannot request real-time data","timestamp":"2026-04-10T18:18:05.483Z"}
{"level":"info","message":"✅ Big Server is connected","timestamp":"2026-04-10T18:18:05.738Z"}
{"level":"warn","message":"❌ DB Manager connection error: ","timestamp":"2026-04-10T18:18:09.774Z"}
{"level":"warn","message":"⚠️ Socket not connected, cannot request real-time data","timestamp":"2026-04-10T18:18:15.494Z"}
{"level":"warn","message":"⚠️ Socket not connected, cannot request real-time data","timestamp":"2026-04-10T18:18:25.500Z"}
{"level":"warn","message":"⚠️ Socket not connected, cannot request real-time data","timestamp":"2026-04-10T18:18:35.506Z"}
{"level":"info","message":"✅ Big Server is connected","timestamp":"2026-04-10T18:18:35.971Z"}
{"level":"warn","message":"❌ DB Manager connection error: ","timestamp":"2026-04-10T18:18:40.005Z"}
{"level":"warn","message":"⚠️ Socket not connected, cannot request real-time data","timestamp":"2026-04-10T18:18:45.510Z"}
{"level":"warn","message":"⚠️ Socket not connected, cannot request real-time data","timestamp":"2026-04-10T18:18:55.518Z"}
{"level":"warn","message":"⚠️ Socket not connected, cannot request real-time data","timestamp":"2026-04-10T18:19:05.526Z"}
{"level":"info","message":"✅ Big Server is connected","timestamp":"2026-04-10T18:19:05.774Z"}
{"level":"warn","message":"❌ DB Manager connection error: ","timestamp":"2026-04-10T18:19:09.804Z"}
{"level":"warn","message":"⚠️ Socket not connected, cannot request real-time data","timestamp":"2026-04-10T18:19:15.528Z"}
{"level":"warn","message":"⚠️ Socket not connected, cannot request real-time data","timestamp":"2026-04-10T18:19:25.539Z"}
{"level":"warn","message":"⚠️ Socket not connected, cannot request real-time data","timestamp":"2026-04-10T18:19:35.546Z"}
{"level":"info","message":"✅ Big Server is connected","timestamp":"2026-04-10T18:19:35.724Z"}
{"level":"warn","message":"❌ DB Manager connection error: ","timestamp":"2026-04-10T18:19:39.797Z"}
{"level":"warn","message":"⚠️ Socket not connected, cannot request real-time data","timestamp":"2026-04-10T18:19:45.551Z"}
{"level":"warn","message":"⚠️ Socket not connected, cannot request real-time data","timestamp":"2026-04-10T18:19:55.557Z"}
{"level":"warn","message":"⚠️ Socket not connected, cannot request real-time data","timestamp":"2026-04-10T18:20:05.570Z"}
{"level":"info","message":"✅ Big Server is connected","timestamp":"2026-04-10T18:20:05.842Z"}
{"level":"warn","message":"❌ DB Manager connection error: ","timestamp":"2026-04-10T18:20:09.858Z"}
{"level":"warn","message":"⚠️ Socket not connected, cannot request real-time data","timestamp":"2026-04-10T18:20:15.576Z"}
{"level":"warn","message":"⚠️ Socket not connected, cannot request real-time data","timestamp":"2026-04-10T18:20:25.582Z"}
{"level":"warn","message":"⚠️ Socket not connected, cannot request real-time data","timestamp":"2026-04-10T18:20:35.587Z"}
{"level":"info","message":"✅ Big Server is connected","timestamp":"2026-04-10T18:20:35.820Z"}
{"level":"warn","message":"❌ DB Manager connection error: ","timestamp":"2026-04-10T18:20:39.856Z"}
{"level":"warn","message":"⚠️ Socket not connected, cannot request real-time data","timestamp":"2026-04-10T18:20:45.592Z"}
{"level":"warn","message":"⚠️ Socket not connected, cannot request real-time data","timestamp":"2026-04-10T18:20:55.593Z"}
{"level":"warn","message":"⚠️ Socket not connected, cannot request real-time data","timestamp":"2026-04-10T18:21:05.609Z"}
{"level":"info","message":"✅ Big Server is connected","timestamp":"2026-04-10T18:21:06.487Z"}
{"level":"warn","message":"❌ DB Manager connection error: ","timestamp":"2026-04-10T18:21:10.563Z"}
{"level":"warn","message":"⚠️ Socket not connected, cannot request real-time data","timestamp":"2026-04-10T18:21:15.617Z"}
{"level":"warn","message":"⚠️ Socket not connected, cannot request real-time data","timestamp":"2026-04-10T18:21:25.623Z"}
{"level":"warn","message":"⚠️ Socket not connected, cannot request real-time data","timestamp":"2026-04-10T18:21:35.625Z"}
{"level":"info","message":"✅ Big Server is connected","timestamp":"2026-04-10T18:21:35.900Z"}
{"level":"warn","message":"❌ DB Manager connection error: ","timestamp":"2026-04-10T18:21:39.927Z"}
{"level":"warn","message":"⚠️ Socket not connected, cannot request real-time data","timestamp":"2026-04-10T18:21:45.633Z"}
{"level":"warn","message":"⚠️ Socket not connected, cannot request real-time data","timestamp":"2026-04-10T18:21:55.649Z"}
{"level":"warn","message":"⚠️ Socket not connected, cannot request real-time data","timestamp":"2026-04-10T18:22:05.661Z"}
{"level":"info","message":"✅ Big Server is connected","timestamp":"2026-04-10T18:22:05.897Z"}
{"level":"warn","message":"❌ DB Manager connection error: ","timestamp":"2026-04-10T18:22:09.922Z"}
{"level":"warn","message":"⚠️ Socket not connected, cannot request real-time data","timestamp":"2026-04-10T18:22:15.667Z"}
{"level":"warn","message":"⚠️ Socket not connected, cannot request real-time data","timestamp":"2026-04-10T18:22:25.666Z"}
{"level":"warn","message":"⚠️ Socket not connected, cannot request real-time data","timestamp":"2026-04-10T18:22:35.667Z"}
{"level":"info","message":"✅ Big Server is connected","timestamp":"2026-04-10T18:22:35.802Z"}
{"level":"warn","message":"❌ DB Manager connection error: ","timestamp":"2026-04-10T18:22:39.850Z"}
{"level":"warn","message":"⚠️ Socket not connected, cannot request real-time data","timestamp":"2026-04-10T18:22:45.675Z"}
{"level":"warn","message":"⚠️ Socket not connected, cannot request real-time data","timestamp":"2026-04-10T18:22:55.682Z"}
{"level":"warn","message":"⚠️ Socket not connected, cannot request real-time data","timestamp":"2026-04-10T18:23:05.694Z"}
{"level":"info","message":"✅ Big Server is connected","timestamp":"2026-04-10T18:23:05.767Z"}
{"level":"warn","message":"❌ DB Manager connection error: ","timestamp":"2026-04-10T18:23:09.789Z"}
{"level":"warn","message":"⚠️ Socket not connected, cannot request real-time data","timestamp":"2026-04-10T18:23:15.699Z"}
{"level":"warn","message":"⚠️ Socket not connected, cannot request real-time data","timestamp":"2026-04-10T18:23:25.722Z"}
{"level":"warn","message":"⚠️ Socket not connected, cannot request real-time data","timestamp":"2026-04-10T18:23:35.711Z"}
{"level":"info","message":"✅ Big Server is connected","timestamp":"2026-04-10T18:23:35.820Z"}
{"level":"warn","message":"❌ DB Manager connection error: ","timestamp":"2026-04-10T18:23:39.893Z"}
{"level":"warn","message":"⚠️ Socket not connected, cannot request real-time data","timestamp":"2026-04-10T18:23:45.711Z"}
{"level":"warn","message":"⚠️ Socket not connected, cannot request real-time data","timestamp":"2026-04-10T18:23:55.741Z"}
{"level":"warn","message":"⚠️ Socket not connected, cannot request real-time data","timestamp":"2026-04-10T18:24:05.770Z"}
{"level":"info","message":"✅ Big Server is connected","timestamp":"2026-04-10T18:24:05.855Z"}
{"level":"warn","message":"❌ DB Manager connection error: ","timestamp":"2026-04-10T18:24:10.148Z"}
{"level":"warn","message":"⚠️ Socket not connected, cannot request real-time data","timestamp":"2026-04-10T18:24:15.739Z"}
{"level":"warn","message":"⚠️ Socket not connected, cannot request real-time data","timestamp":"2026-04-10T18:24:25.745Z"}
{"level":"warn","message":"⚠️ Socket not connected, cannot request real-time data","timestamp":"2026-04-10T18:24:35.757Z"}
{"level":"info","message":"✅ Big Server is connected","timestamp":"2026-04-10T18:24:35.839Z"}
{"level":"warn","message":"❌ DB Manager connection error: ","timestamp":"2026-04-10T18:24:39.869Z"}
{"level":"warn","message":"⚠️ Socket not connected, cannot request real-time data","timestamp":"2026-04-10T18:24:45.770Z"}
{"level":"warn","message":"⚠️ Socket not connected, cannot request real-time data","timestamp":"2026-04-10T18:24:55.787Z"}
{"level":"warn","message":"⚠️ Socket not connected, cannot request real-time data","timestamp":"2026-04-10T18:25:05.781Z"}
{"level":"info","message":"✅ Big Server is connected","timestamp":"2026-04-10T18:25:05.976Z"}
{"level":"warn","message":"❌ DB Manager connection error: ","timestamp":"2026-04-10T18:25:10.021Z"}
{"level":"warn","message":"⚠️ Socket not connected, cannot request real-time data","timestamp":"2026-04-10T18:25:15.782Z"}
{"level":"warn","message":"⚠️ Socket not connected, cannot request real-time data","timestamp":"2026-04-10T18:25:25.788Z"}
{"level":"warn","message":"⚠️ Socket not connected, cannot request real-time data","timestamp":"2026-04-10T18:25:35.795Z"}
{"level":"info","message":"✅ Big Server is connected","timestamp":"2026-04-10T18:25:36.237Z"}
{"level":"warn","message":"❌ DB Manager connection error: ","timestamp":"2026-04-10T18:25:40.261Z"}
{"level":"warn","message":"⚠️ Socket not connected, cannot request real-time data","timestamp":"2026-04-10T18:25:45.796Z"}
{"level":"warn","message":"⚠️ Socket not connected, cannot request real-time data","timestamp":"2026-04-10T18:25:55.806Z"}
{"level":"warn","message":"⚠️ Socket not connected, cannot request real-time data","timestamp":"2026-04-10T18:26:05.833Z"}
{"level":"info","message":"✅ Big Server is connected","timestamp":"2026-04-10T18:26:05.857Z"}
{"level":"warn","message":"❌ DB Manager connection error: ","timestamp":"2026-04-10T18:26:10.001Z"}
{"level":"warn","message":"⚠️ Socket not connected, cannot request real-time data","timestamp":"2026-04-10T18:26:15.841Z"}
{"level":"warn","message":"⚠️ Socket not connected, cannot request real-time data","timestamp":"2026-04-10T18:26:25.850Z"}
{"level":"warn","message":"⚠️ Socket not connected, cannot request real-time data","timestamp":"2026-04-10T18:26:35.853Z"}
{"level":"info","message":"✅ Big Server is connected","timestamp":"2026-04-10T18:26:35.862Z"}
{"level":"warn","message":"❌ DB Manager connection error: ","timestamp":"2026-04-10T18:26:39.888Z"}
{"level":"warn","message":"⚠️ Socket not connected, cannot request real-time data","timestamp":"2026-04-10T18:26:45.859Z"}
{"level":"warn","message":"⚠️ Socket not connected, cannot request real-time data","timestamp":"2026-04-10T18:26:55.865Z"}
{"level":"warn","message":"⚠️ Socket not connected, cannot request real-time data","timestamp":"2026-04-10T18:27:05.873Z"}
{"level":"info","message":"✅ Big Server is connected","timestamp":"2026-04-10T18:27:05.888Z"}
{"level":"warn","message":"❌ DB Manager connection error: ","timestamp":"2026-04-10T18:27:09.924Z"}
{"level":"warn","message":"⚠️ Socket not connected, cannot request real-time data","timestamp":"2026-04-10T18:27:15.881Z"}
{"level":"warn","message":"⚠️ Socket not connected, cannot request real-time data","timestamp":"2026-04-10T18:27:25.886Z"}
{"level":"warn","message":"⚠️ Socket not connected, cannot request real-time data","timestamp":"2026-04-10T18:27:35.893Z"}
{"level":"info","message":"✅ Big Server is connected","timestamp":"2026-04-10T18:27:36.416Z"}
{"level":"warn","message":"❌ DB Manager connection error: ","timestamp":"2026-04-10T18:27:40.442Z"}
{"level":"warn","message":"⚠️ Socket not connected, cannot request real-time data","timestamp":"2026-04-10T18:27:45.898Z"}
{"level":"warn","message":"⚠️ Socket not connected, cannot request real-time data","timestamp":"2026-04-10T18:27:55.907Z"}
{"level":"warn","message":"⚠️ Socket not connected, cannot request real-time data","timestamp":"2026-04-10T18:28:05.915Z"}
{"level":"info","message":"✅ Big Server is connected","timestamp":"2026-04-10T18:28:06.189Z"}
{"level":"warn","message":"❌ DB Manager connection error: ","timestamp":"2026-04-10T18:28:10.263Z"}
{"level":"warn","message":"⚠️ Socket not connected, cannot request real-time data","timestamp":"2026-04-10T18:28:15.920Z"}
{"level":"warn","message":"⚠️ Socket not connected, cannot request real-time data","timestamp":"2026-04-10T18:28:25.930Z"}
{"level":"warn","message":"⚠️ Socket not connected, cannot request real-time data","timestamp":"2026-04-10T18:28:35.933Z"}
{"level":"info","message":"✅ Big Server is connected","timestamp":"2026-04-10T18:28:36.254Z"}
{"level":"warn","message":"❌ DB Manager connection error: ","timestamp":"2026-04-10T18:28:40.285Z"}
{"level":"warn","message":"⚠️ Socket not connected, cannot request real-time data","timestamp":"2026-04-10T18:28:45.936Z"}
{"level":"warn","message":"⚠️ Socket not connected, cannot request real-time data","timestamp":"2026-04-10T18:28:55.948Z"}
{"level":"info","message":"✅ Big Server is connected","timestamp":"2026-04-10T18:29:05.906Z"}
{"level":"warn","message":"⚠️ Socket not connected, cannot request real-time data","timestamp":"2026-04-10T18:29:05.954Z"}
{"level":"warn","message":"❌ DB Manager connection error: ","timestamp":"2026-04-10T18:29:09.931Z"}
{"level":"warn","message":"⚠️ Socket not connected, cannot request real-time data","timestamp":"2026-04-10T18:29:15.962Z"}
{"level":"warn","message":"⚠️ Socket not connected, cannot request real-time data","timestamp":"2026-04-10T18:29:25.962Z"}
{"level":"warn","message":"⚠️ Socket not connected, cannot request real-time data","timestamp":"2026-04-10T18:29:35.974Z"}
{"level":"info","message":"✅ Big Server is connected","timestamp":"2026-04-10T18:29:36.399Z"}
{"level":"warn","message":"❌ DB Manager connection error: ","timestamp":"2026-04-10T18:29:40.435Z"}
{"level":"warn","message":"⚠️ Socket not connected, cannot request real-time data","timestamp":"2026-04-10T18:29:46.008Z"}
{"level":"warn","message":"⚠️ Socket not connected, cannot request real-time data","timestamp":"2026-04-10T18:29:56.007Z"}
{"level":"info","message":"✅ Big Server is connected","timestamp":"2026-04-10T18:30:05.893Z"}
{"level":"warn","message":"⚠️ Socket not connected, cannot request real-time data","timestamp":"2026-04-10T18:30:06.016Z"}
{"level":"warn","message":"❌ DB Manager connection error: ","timestamp":"2026-04-10T18:30:09.920Z"}
{"level":"warn","message":"⚠️ Socket not connected, cannot request real-time data","timestamp":"2026-04-10T18:30:16.050Z"}
{"level":"warn","message":"⚠️ Socket not connected, cannot request real-time data","timestamp":"2026-04-10T18:30:26.045Z"}
{"level":"warn","message":"⚠️ Socket not connected, cannot request real-time data","timestamp":"2026-04-10T18:30:36.045Z"}
{"level":"info","message":"✅ Big Server is connected","timestamp":"2026-04-10T18:30:36.082Z"}
{"level":"warn","message":"❌ DB Manager connection error: ","timestamp":"2026-04-10T18:30:40.115Z"}
{"level":"warn","message":"⚠️ Socket not connected, cannot request real-time data","timestamp":"2026-04-10T18:30:46.059Z"}
{"level":"warn","message":"⚠️ Socket not connected, cannot request real-time data","timestamp":"2026-04-10T18:30:56.060Z"}
{"level":"warn","message":"⚠️ Socket not connected, cannot request real-time data","timestamp":"2026-04-10T18:31:06.073Z"}
{"level":"info","message":"✅ Big Server is connected","timestamp":"2026-04-10T18:31:06.463Z"}
{"level":"warn","message":"❌ DB Manager connection error: ","timestamp":"2026-04-10T18:31:10.546Z"}
{"level":"warn","message":"⚠️ Socket not connected, cannot request real-time data","timestamp":"2026-04-10T18:31:16.081Z"}
{"level":"warn","message":"⚠️ Socket not connected, cannot request real-time data","timestamp":"2026-04-10T18:31:26.087Z"}
{"level":"info","message":"✅ Big Server is connected","timestamp":"2026-04-10T18:31:35.944Z"}
{"level":"warn","message":"⚠️ Socket not connected, cannot request real-time data","timestamp":"2026-04-10T18:31:36.092Z"}
{"level":"warn","message":"❌ DB Manager connection error: ","timestamp":"2026-04-10T18:31:39.959Z"}
{"level":"warn","message":"⚠️ Socket not connected, cannot request real-time data","timestamp":"2026-04-10T18:31:46.101Z"}
{"level":"warn","message":"⚠️ Socket not connected, cannot request real-time data","timestamp":"2026-04-10T18:31:56.108Z"}
{"level":"warn","message":"⚠️ Socket not connected, cannot request real-time data","timestamp":"2026-04-10T18:32:06.109Z"}
{"level":"info","message":"✅ Big Server is connected","timestamp":"2026-04-10T18:32:06.110Z"}
{"level":"warn","message":"❌ DB Manager connection error: ","timestamp":"2026-04-10T18:32:10.145Z"}
{"level":"warn","message":"⚠️ Socket not connected, cannot request real-time data","timestamp":"2026-04-10T18:32:16.116Z"}
{"level":"warn","message":"⚠️ Socket not connected, cannot request real-time data","timestamp":"2026-04-10T18:32:26.125Z"}
{"level":"warn","message":"⚠️ Socket not connected, cannot request real-time data","timestamp":"2026-04-10T18:32:36.128Z"}
{"level":"info","message":"✅ Big Server is connected","timestamp":"2026-04-10T18:32:36.256Z"}
{"level":"warn","message":"❌ DB Manager connection error: ","timestamp":"2026-04-10T18:32:40.379Z"}
{"level":"warn","message":"⚠️ Socket not connected, cannot request real-time data","timestamp":"2026-04-10T18:32:46.142Z"}
{"level":"warn","message":"⚠️ Socket not connected, cannot request real-time data","timestamp":"2026-04-10T18:32:56.146Z"}
{"level":"warn","message":"⚠️ Socket not connected, cannot request real-time data","timestamp":"2026-04-10T18:33:06.151Z"}
{"level":"info","message":"✅ Big Server is connected","timestamp":"2026-04-10T18:33:06.153Z"}
{"level":"warn","message":"❌ DB Manager connection error: ","timestamp":"2026-04-10T18:33:10.177Z"}
{"level":"warn","message":"⚠️ Socket not connected, cannot request real-time data","timestamp":"2026-04-10T18:33:16.163Z"}
{"level":"warn","message":"⚠️ Socket not connected, cannot request real-time data","timestamp":"2026-04-10T18:33:26.172Z"}
{"level":"warn","message":"⚠️ Socket not connected, cannot request real-time data","timestamp":"2026-04-10T18:33:36.173Z"}
{"level":"info","message":"✅ Big Server is connected","timestamp":"2026-04-10T18:33:36.651Z"}
{"level":"warn","message":"❌ DB Manager connection error: ","timestamp":"2026-04-10T18:33:40.685Z"}
{"level":"warn","message":"⚠️ Socket not connected, cannot request real-time data","timestamp":"2026-04-10T18:33:46.180Z"}
{"level":"warn","message":"⚠️ Socket not connected, cannot request real-time data","timestamp":"2026-04-10T18:33:56.192Z"}
{"level":"info","message":"✅ Big Server is connected","timestamp":"2026-04-10T18:34:06.142Z"}
{"level":"warn","message":"⚠️ Socket not connected, cannot request real-time data","timestamp":"2026-04-10T18:34:06.194Z"}
{"level":"warn","message":"❌ DB Manager connection error: ","timestamp":"2026-04-10T18:34:10.151Z"}
{"level":"warn","message":"⚠️ Socket not connected, cannot request real-time data","timestamp":"2026-04-10T18:34:16.202Z"}
{"level":"warn","message":"⚠️ Socket not connected, cannot request real-time data","timestamp":"2026-04-10T18:34:26.213Z"}
{"level":"info","message":"✅ Big Server is connected","timestamp":"2026-04-10T18:34:36.131Z"}
{"level":"warn","message":"⚠️ Socket not connected, cannot request real-time data","timestamp":"2026-04-10T18:34:36.217Z"}
{"level":"warn","message":"❌ DB Manager connection error: ","timestamp":"2026-04-10T18:34:40.262Z"}
{"level":"warn","message":"⚠️ Socket not connected, cannot request real-time data","timestamp":"2026-04-10T18:34:46.223Z"}
{"level":"warn","message":"⚠️ Socket not connected, cannot request real-time data","timestamp":"2026-04-10T18:34:56.229Z"}
{"level":"info","message":"✅ Big Server is connected","timestamp":"2026-04-10T18:35:06.073Z"}
{"level":"warn","message":"⚠️ Socket not connected, cannot request real-time data","timestamp":"2026-04-10T18:35:06.237Z"}
{"level":"warn","message":"❌ DB Manager connection error: ","timestamp":"2026-04-10T18:35:10.096Z"}
{"level":"warn","message":"⚠️ Socket not connected, cannot request real-time data","timestamp":"2026-04-10T18:35:16.244Z"}
{"level":"warn","message":"⚠️ Socket not connected, cannot request real-time data","timestamp":"2026-04-10T18:35:26.249Z"}
{"level":"warn","message":"⚠️ Socket not connected, cannot request real-time data","timestamp":"2026-04-10T18:35:36.251Z"}
{"level":"info","message":"✅ Big Server is connected","timestamp":"2026-04-10T18:35:37.042Z"}
{"level":"warn","message":"❌ DB Manager connection error: ","timestamp":"2026-04-10T18:35:41.098Z"}
{"level":"warn","message":"⚠️ Socket not connected, cannot request real-time data","timestamp":"2026-04-10T18:35:46.264Z"}
{"level":"warn","message":"⚠️ Socket not connected, cannot request real-time data","timestamp":"2026-04-10T18:35:56.270Z"}
{"level":"info","message":"✅ Big Server is connected","timestamp":"2026-04-10T18:36:05.971Z"}
{"level":"warn","message":"⚠️ Socket not connected, cannot request real-time data","timestamp":"2026-04-10T18:36:06.276Z"}
{"level":"warn","message":"❌ DB Manager connection error: ","timestamp":"2026-04-10T18:36:09.989Z"}
{"level":"warn","message":"⚠️ Socket not connected, cannot request real-time data","timestamp":"2026-04-10T18:36:16.286Z"}
{"level":"warn","message":"⚠️ Socket not connected, cannot request real-time data","timestamp":"2026-04-10T18:36:26.289Z"}
{"level":"info","message":"✅ Big Server is connected","timestamp":"2026-04-10T18:36:35.953Z"}
{"level":"warn","message":"⚠️ Socket not connected, cannot request real-time data","timestamp":"2026-04-10T18:36:36.299Z"}
{"level":"warn","message":"❌ DB Manager connection error: ","timestamp":"2026-04-10T18:36:39.984Z"}
{"level":"warn","message":"⚠️ Socket not connected, cannot request real-time data","timestamp":"2026-04-10T18:36:46.307Z"}
{"level":"warn","message":"⚠️ Socket not connected, cannot request real-time data","timestamp":"2026-04-10T18:36:56.307Z"}
{"level":"info","message":"✅ Big Server is connected","timestamp":"2026-04-10T18:37:06.179Z"}
{"level":"warn","message":"⚠️ Socket not connected, cannot request real-time data","timestamp":"2026-04-10T18:37:06.320Z"}
{"level":"warn","message":"❌ DB Manager connection error: ","timestamp":"2026-04-10T18:37:10.219Z"}
{"level":"warn","message":"⚠️ Socket not connected, cannot request real-time data","timestamp":"2026-04-10T18:37:16.324Z"}
{"level":"warn","message":"⚠️ Socket not connected, cannot request real-time data","timestamp":"2026-04-10T18:37:26.361Z"}
{"level":"info","message":"✅ Big Server is connected","timestamp":"2026-04-10T18:37:35.992Z"}
{"level":"warn","message":"⚠️ Socket not connected, cannot request real-time data","timestamp":"2026-04-10T18:37:36.351Z"}
{"level":"warn","message":"❌ DB Manager connection error: ","timestamp":"2026-04-10T18:37:40.008Z"}
{"level":"warn","message":"⚠️ Socket not connected, cannot request real-time data","timestamp":"2026-04-10T18:37:46.351Z"}
{"level":"warn","message":"⚠️ Socket not connected, cannot request real-time data","timestamp":"2026-04-10T18:37:56.366Z"}
{"level":"info","message":"✅ Big Server is connected","timestamp":"2026-04-10T18:38:06.001Z"}
{"level":"warn","message":"⚠️ Socket not connected, cannot request real-time data","timestamp":"2026-04-10T18:38:06.375Z"}
{"level":"warn","message":"❌ DB Manager connection error: ","timestamp":"2026-04-10T18:38:10.024Z"}
{"level":"warn","message":"⚠️ Socket not connected, cannot request real-time data","timestamp":"2026-04-10T18:38:16.384Z"}
{"level":"warn","message":"⚠️ Socket not connected, cannot request real-time data","timestamp":"2026-04-10T18:38:26.398Z"}
{"level":"info","message":"✅ Big Server is connected","timestamp":"2026-04-10T18:38:36.012Z"}
{"level":"warn","message":"⚠️ Socket not connected, cannot request real-time data","timestamp":"2026-04-10T18:38:36.398Z"}
{"level":"warn","message":"❌ DB Manager connection error: ","timestamp":"2026-04-10T18:38:40.032Z"}
{"level":"warn","message":"⚠️ Socket not connected, cannot request real-time data","timestamp":"2026-04-10T18:38:46.403Z"}
{"level":"warn","message":"⚠️ Socket not connected, cannot request real-time data","timestamp":"2026-04-10T18:38:56.412Z"}
{"level":"info","message":"✅ Big Server is connected","timestamp":"2026-04-10T18:39:06.283Z"}
{"level":"warn","message":"⚠️ Socket not connected, cannot request real-time data","timestamp":"2026-04-10T18:39:06.419Z"}
{"level":"warn","message":"❌ DB Manager connection error: ","timestamp":"2026-04-10T18:39:10.293Z"}
{"level":"warn","message":"⚠️ Socket not connected, cannot request real-time data","timestamp":"2026-04-10T18:39:16.427Z"}
{"level":"warn","message":"⚠️ Socket not connected, cannot request real-time data","timestamp":"2026-04-10T18:39:26.436Z"}
{"level":"info","message":"✅ Big Server is connected","timestamp":"2026-04-10T18:39:36.184Z"}
{"level":"warn","message":"⚠️ Socket not connected, cannot request real-time data","timestamp":"2026-04-10T18:39:36.440Z"}
{"level":"warn","message":"❌ DB Manager connection error: ","timestamp":"2026-04-10T18:39:40.193Z"}
{"level":"warn","message":"⚠️ Socket not connected, cannot request real-time data","timestamp":"2026-04-10T18:39:46.452Z"}
{"level":"warn","message":"⚠️ Socket not connected, cannot request real-time data","timestamp":"2026-04-10T18:39:56.457Z"}
{"level":"info","message":"✅ Big Server is connected","timestamp":"2026-04-10T18:40:05.975Z"}
{"level":"warn","message":"⚠️ Socket not connected, cannot request real-time data","timestamp":"2026-04-10T18:40:06.461Z"}
{"level":"warn","message":"❌ DB Manager connection error: ","timestamp":"2026-04-10T18:40:09.993Z"}
{"level":"warn","message":"⚠️ Socket not connected, cannot request real-time data","timestamp":"2026-04-10T18:40:16.462Z"}
{"level":"warn","message":"⚠️ Socket not connected, cannot request real-time data","timestamp":"2026-04-10T18:40:26.474Z"}
{"level":"info","message":"✅ Big Server is connected","timestamp":"2026-04-10T18:40:36.156Z"}
{"level":"warn","message":"⚠️ Socket not connected, cannot request real-time data","timestamp":"2026-04-10T18:40:36.483Z"}
{"level":"warn","message":"❌ DB Manager connection error: ","timestamp":"2026-04-10T18:40:40.170Z"}
{"level":"warn","message":"⚠️ Socket not connected, cannot request real-time data","timestamp":"2026-04-10T18:40:46.488Z"}
{"level":"warn","message":"⚠️ Socket not connected, cannot request real-time data","timestamp":"2026-04-10T18:40:56.494Z"}
{"level":"info","message":"✅ Big Server is connected","timestamp":"2026-04-10T18:41:06.038Z"}
{"level":"warn","message":"⚠️ Socket not connected, cannot request real-time data","timestamp":"2026-04-10T18:41:06.508Z"}
{"level":"warn","message":"❌ DB Manager connection error: ","timestamp":"2026-04-10T18:41:10.048Z"}
{"level":"warn","message":"⚠️ Socket not connected, cannot request real-time data","timestamp":"2026-04-10T18:41:16.508Z"}
{"level":"warn","message":"⚠️ Socket not connected, cannot request real-time data","timestamp":"2026-04-10T18:41:26.519Z"}
{"level":"info","message":"✅ Big Server is connected","timestamp":"2026-04-10T18:41:36.109Z"}
{"level":"warn","message":"⚠️ Socket not connected, cannot request real-time data","timestamp":"2026-04-10T18:41:36.522Z"}
{"level":"warn","message":"❌ DB Manager connection error: ","timestamp":"2026-04-10T18:41:40.130Z"}
{"level":"warn","message":"⚠️ Socket not connected, cannot request real-time data","timestamp":"2026-04-10T18:41:46.524Z"}
{"level":"warn","message":"⚠️ Socket not connected, cannot request real-time data","timestamp":"2026-04-10T18:41:56.528Z"}
{"level":"info","message":"✅ Big Server is connected","timestamp":"2026-04-10T18:42:06.134Z"}
{"level":"warn","message":"⚠️ Socket not connected, cannot request real-time data","timestamp":"2026-04-10T18:42:06.536Z"}
{"level":"warn","message":"❌ DB Manager connection error: ","timestamp":"2026-04-10T18:42:10.191Z"}
{"level":"warn","message":"⚠️ Socket not connected, cannot request real-time data","timestamp":"2026-04-10T18:42:16.550Z"}
{"level":"warn","message":"⚠️ Socket not connected, cannot request real-time data","timestamp":"2026-04-10T18:42:26.553Z"}
{"level":"warn","message":"⚠️ Socket not connected, cannot request real-time data","timestamp":"2026-04-10T18:42:36.557Z"}
{"level":"info","message":"✅ Big Server is connected","timestamp":"2026-04-10T18:42:36.620Z"}
{"level":"warn","message":"❌ DB Manager connection error: ","timestamp":"2026-04-10T18:42:40.641Z"}
{"level":"warn","message":"⚠️ Socket not connected, cannot request real-time data","timestamp":"2026-04-10T18:42:46.574Z"}
{"level":"warn","message":"⚠️ Socket not connected, cannot request real-time data","timestamp":"2026-04-10T18:42:56.586Z"}
{"level":"info","message":"✅ Big Server is connected","timestamp":"2026-04-10T18:43:06.370Z"}
{"level":"warn","message":"⚠️ Socket not connected, cannot request real-time data","timestamp":"2026-04-10T18:43:06.598Z"}
{"level":"warn","message":"❌ DB Manager connection error: ","timestamp":"2026-04-10T18:43:10.401Z"}
{"level":"warn","message":"⚠️ Socket not connected, cannot request real-time data","timestamp":"2026-04-10T18:43:16.610Z"}
{"level":"warn","message":"⚠️ Socket not connected, cannot request real-time data","timestamp":"2026-04-10T18:43:26.617Z"}
{"level":"info","message":"✅ Big Server is connected","timestamp":"2026-04-10T18:43:36.199Z"}
{"level":"warn","message":"⚠️ Socket not connected, cannot request real-time data","timestamp":"2026-04-10T18:43:36.628Z"}
{"level":"warn","message":"❌ DB Manager connection error: ","timestamp":"2026-04-10T18:43:40.246Z"}
{"level":"warn","message":"⚠️ Socket not connected, cannot request real-time data","timestamp":"2026-04-10T18:43:46.633Z"}
{"level":"warn","message":"⚠️ Socket not connected, cannot request real-time data","timestamp":"2026-04-10T18:43:56.645Z"}
{"level":"warn","message":"⚠️ Socket not connected, cannot request real-time data","timestamp":"2026-04-10T18:44:06.651Z"}
{"level":"info","message":"✅ Big Server is connected","timestamp":"2026-04-10T18:44:07.646Z"}
{"level":"warn","message":"❌ DB Manager connection error: ","timestamp":"2026-04-10T18:44:11.749Z"}
{"level":"warn","message":"⚠️ Socket not connected, cannot request real-time data","timestamp":"2026-04-10T18:44:16.656Z"}
{"level":"warn","message":"⚠️ Socket not connected, cannot request real-time data","timestamp":"2026-04-10T18:44:26.667Z"}
{"level":"info","message":"✅ Big Server is connected","timestamp":"2026-04-10T18:44:36.560Z"}
{"level":"warn","message":"⚠️ Socket not connected, cannot request real-time data","timestamp":"2026-04-10T18:44:36.669Z"}
{"level":"warn","message":"❌ DB Manager connection error: ","timestamp":"2026-04-10T18:44:40.727Z"}
{"level":"warn","message":"⚠️ Socket not connected, cannot request real-time data","timestamp":"2026-04-10T18:44:46.689Z"}
{"level":"warn","message":"⚠️ Socket not connected, cannot request real-time data","timestamp":"2026-04-10T18:44:56.691Z"}
{"level":"info","message":"✅ Big Server is connected","timestamp":"2026-04-10T18:45:06.314Z"}
{"level":"warn","message":"⚠️ Socket not connected, cannot request real-time data","timestamp":"2026-04-10T18:45:06.701Z"}
{"level":"warn","message":"❌ DB Manager connection error: ","timestamp":"2026-04-10T18:45:10.349Z"}
{"level":"warn","message":"⚠️ Socket not connected, cannot request real-time data","timestamp":"2026-04-10T18:45:16.705Z"}
{"level":"warn","message":"⚠️ Socket not connected, cannot request real-time data","timestamp":"2026-04-10T18:45:26.716Z"}
{"level":"warn","message":"⚠️ Socket not connected, cannot request real-time data","timestamp":"2026-04-10T18:45:36.727Z"}
{"level":"warn","message":"⚠️ Socket not connected, cannot request real-time data","timestamp":"2026-04-10T18:45:46.737Z"}
{"level":"warn","message":"❌ Big Server connection error: timeout of 5000ms exceeded","timestamp":"2026-04-10T18:45:56.621Z"}
{"level":"warn","message":"⚠️ Socket not connected, cannot request real-time data","timestamp":"2026-04-10T18:45:56.743Z"}
{"level":"warn","message":"❌ DB Manager connection error: ","timestamp":"2026-04-10T18:46:00.646Z"}
{"level":"warn","message":"⚠️ Socket not connected, cannot request real-time data","timestamp":"2026-04-10T18:46:08.775Z"}
{"level":"info","message":"✅ Big Server is connected","timestamp":"2026-04-10T18:46:09.011Z"}
{"level":"warn","message":"❌ DB Manager connection error: ","timestamp":"2026-04-10T18:46:13.047Z"}
{"level":"warn","message":"⚠️ Socket not connected, cannot request real-time data","timestamp":"2026-04-10T18:46:18.780Z"}
{"level":"warn","message":"⚠️ Socket not connected, cannot request real-time data","timestamp":"2026-04-10T18:46:28.801Z"}
{"level":"info","message":"✅ Big Server is connected","timestamp":"2026-04-10T18:46:36.565Z"}
{"level":"warn","message":"⚠️ Socket not connected, cannot request real-time data","timestamp":"2026-04-10T18:46:38.801Z"}
{"level":"warn","message":"❌ DB Manager connection error: ","timestamp":"2026-04-10T18:46:41.957Z"}
{"level":"warn","message":"⚠️ Socket not connected, cannot request real-time data","timestamp":"2026-04-10T18:46:48.816Z"}
{"level":"warn","message":"⚠️ Socket not connected, cannot request real-time data","timestamp":"2026-04-10T18:46:58.824Z"}
{"level":"warn","message":"⚠️ Socket not connected, cannot request real-time data","timestamp":"2026-04-10T18:47:08.839Z"}
{"level":"warn","message":"⚠️ Socket not connected, cannot request real-time data","timestamp":"2026-04-10T18:47:18.847Z"}
{"level":"warn","message":"❌ Big Server connection error: timeout of 5000ms exceeded","timestamp":"2026-04-10T18:47:25.018Z"}
{"level":"warn","message":"⚠️ Socket not connected, cannot request real-time data","timestamp":"2026-04-10T18:47:28.857Z"}
{"level":"warn","message":"❌ DB Manager connection error: ","timestamp":"2026-04-10T18:47:29.042Z"}
{"level":"warn","message":"⚠️ Socket not connected, cannot request real-time data","timestamp":"2026-04-10T18:47:38.865Z"}
{"level":"warn","message":"⚠️ Socket not connected, cannot request real-time data","timestamp":"2026-04-10T18:47:48.873Z"}
{"level":"warn","message":"❌ Big Server connection error: timeout of 5000ms exceeded","timestamp":"2026-04-10T18:47:54.985Z"}
{"level":"warn","message":"⚠️ Socket not connected, cannot request real-time data","timestamp":"2026-04-10T18:47:58.880Z"}
{"level":"warn","message":"❌ DB Manager connection error: ","timestamp":"2026-04-10T18:47:59.002Z"}
{"level":"info","message":"✅ Big Server is connected","timestamp":"2026-04-10T18:48:06.297Z"}
{"level":"warn","message":"⚠️ Socket not connected, cannot request real-time data","timestamp":"2026-04-10T18:48:08.889Z"}
{"level":"warn","message":"❌ DB Manager connection error: ","timestamp":"2026-04-10T18:48:10.320Z"}
{"level":"warn","message":"⚠️ Socket not connected, cannot request real-time data","timestamp":"2026-04-10T18:48:18.899Z"}
{"level":"warn","message":"⚠️ Socket not connected, cannot request real-time data","timestamp":"2026-04-10T18:48:28.899Z"}
{"level":"warn","message":"⚠️ Socket not connected, cannot request real-time data","timestamp":"2026-04-10T18:48:38.900Z"}
{"level":"warn","message":"⚠️ Socket not connected, cannot request real-time data","timestamp":"2026-04-10T18:48:48.914Z"}
{"level":"warn","message":"❌ Big Server connection error: timeout of 5000ms exceeded","timestamp":"2026-04-10T18:48:54.986Z"}
{"level":"warn","message":"⚠️ Socket not connected, cannot request real-time data","timestamp":"2026-04-10T18:48:58.923Z"}
{"level":"warn","message":"❌ DB Manager connection error: ","timestamp":"2026-04-10T18:48:59.019Z"}
{"level":"warn","message":"⚠️ Socket not connected, cannot request real-time data","timestamp":"2026-04-10T18:49:08.929Z"}
{"level":"info","message":"✅ Big Server is connected","timestamp":"2026-04-10T18:49:10.502Z"}
{"level":"warn","message":"❌ DB Manager connection error: ","timestamp":"2026-04-10T18:49:14.639Z"}
{"level":"warn","message":"⚠️ Socket not connected, cannot request real-time data","timestamp":"2026-04-10T18:49:18.933Z"}
{"level":"warn","message":"⚠️ Socket not connected, cannot request real-time data","timestamp":"2026-04-10T18:49:28.937Z"}
{"level":"info","message":"✅ Big Server is connected","timestamp":"2026-04-10T18:49:37.434Z"}
{"level":"warn","message":"⚠️ Socket not connected, cannot request real-time data","timestamp":"2026-04-10T18:49:38.953Z"}
{"level":"warn","message":"❌ DB Manager connection error: ","timestamp":"2026-04-10T18:49:41.468Z"}
{"level":"warn","message":"⚠️ Socket not connected, cannot request real-time data","timestamp":"2026-04-10T18:49:48.960Z"}
{"level":"warn","message":"⚠️ Socket not connected, cannot request real-time data","timestamp":"2026-04-10T18:49:58.964Z"}
{"level":"info","message":"✅ Big Server is connected","timestamp":"2026-04-10T18:50:06.827Z"}
{"level":"warn","message":"⚠️ Socket not connected, cannot request real-time data","timestamp":"2026-04-10T18:50:08.970Z"}
{"level":"warn","message":"❌ DB Manager connection error: ","timestamp":"2026-04-10T18:50:10.862Z"}
{"level":"warn","message":"⚠️ Socket not connected, cannot request real-time data","timestamp":"2026-04-10T18:50:18.979Z"}
{"level":"warn","message":"⚠️ Socket not connected, cannot request real-time data","timestamp":"2026-04-10T18:50:28.988Z"}
{"level":"info","message":"✅ Big Server is connected","timestamp":"2026-04-10T18:50:36.430Z"}
{"level":"warn","message":"⚠️ Socket not connected, cannot request real-time data","timestamp":"2026-04-10T18:50:38.988Z"}
{"level":"warn","message":"❌ DB Manager connection error: ","timestamp":"2026-04-10T18:50:40.451Z"}
{"level":"warn","message":"⚠️ Socket not connected, cannot request real-time data","timestamp":"2026-04-10T18:50:49.000Z"}
{"level":"warn","message":"⚠️ Socket not connected, cannot request real-time data","timestamp":"2026-04-10T18:50:59.001Z"}
{"level":"info","message":"✅ Big Server is connected","timestamp":"2026-04-10T18:51:06.535Z"}
{"level":"warn","message":"⚠️ Socket not connected, cannot request real-time data","timestamp":"2026-04-10T18:51:09.012Z"}
{"level":"warn","message":"❌ DB Manager connection error: ","timestamp":"2026-04-10T18:51:10.548Z"}
{"level":"warn","message":"⚠️ Socket not connected, cannot request real-time data","timestamp":"2026-04-10T18:51:19.019Z"}
{"level":"warn","message":"⚠️ Socket not connected, cannot request real-time data","timestamp":"2026-04-10T18:51:29.020Z"}
{"level":"info","message":"✅ Big Server is connected","timestamp":"2026-04-10T18:51:37.158Z"}
{"level":"warn","message":"⚠️ Socket not connected, cannot request real-time data","timestamp":"2026-04-10T18:51:39.027Z"}
{"level":"warn","message":"❌ DB Manager connection error: ","timestamp":"2026-04-10T18:51:41.179Z"}
{"level":"warn","message":"⚠️ Socket not connected, cannot request real-time data","timestamp":"2026-04-10T18:51:49.035Z"}
{"level":"warn","message":"⚠️ Socket not connected, cannot request real-time data","timestamp":"2026-04-10T18:51:59.043Z"}
{"level":"info","message":"✅ Big Server is connected","timestamp":"2026-04-10T18:52:06.584Z"}
{"level":"warn","message":"⚠️ Socket not connected, cannot request real-time data","timestamp":"2026-04-10T18:52:09.051Z"}
{"level":"warn","message":"❌ DB Manager connection error: ","timestamp":"2026-04-10T18:52:10.614Z"}
{"level":"warn","message":"⚠️ Socket not connected, cannot request real-time data","timestamp":"2026-04-10T18:52:19.060Z"}
{"level":"warn","message":"⚠️ Socket not connected, cannot request real-time data","timestamp":"2026-04-10T18:52:29.062Z"}
{"level":"info","message":"✅ Big Server is connected","timestamp":"2026-04-10T18:52:36.855Z"}
{"level":"warn","message":"⚠️ Socket not connected, cannot request real-time data","timestamp":"2026-04-10T18:52:39.072Z"}
{"level":"warn","message":"❌ DB Manager connection error: ","timestamp":"2026-04-10T18:52:40.893Z"}
{"level":"warn","message":"⚠️ Socket not connected, cannot request real-time data","timestamp":"2026-04-10T18:52:49.077Z"}
{"level":"warn","message":"⚠️ Socket not connected, cannot request real-time data","timestamp":"2026-04-10T18:52:59.088Z"}
{"level":"info","message":"✅ Big Server is connected","timestamp":"2026-04-10T18:53:06.659Z"}
{"level":"warn","message":"⚠️ Socket not connected, cannot request real-time data","timestamp":"2026-04-10T18:53:09.098Z"}
{"level":"warn","message":"❌ DB Manager connection error: ","timestamp":"2026-04-10T18:53:10.681Z"}
{"level":"warn","message":"⚠️ Socket not connected, cannot request real-time data","timestamp":"2026-04-10T18:53:19.099Z"}
{"level":"warn","message":"⚠️ Socket not connected, cannot request real-time data","timestamp":"2026-04-10T18:53:29.105Z"}
{"level":"info","message":"✅ Big Server is connected","timestamp":"2026-04-10T18:53:36.414Z"}
{"level":"warn","message":"⚠️ Socket not connected, cannot request real-time data","timestamp":"2026-04-10T18:53:39.115Z"}
{"level":"warn","message":"❌ DB Manager connection error: ","timestamp":"2026-04-10T18:53:40.435Z"}
{"level":"warn","message":"⚠️ Socket not connected, cannot request real-time data","timestamp":"2026-04-10T18:53:49.117Z"}
{"level":"warn","message":"⚠️ Socket not connected, cannot request real-time data","timestamp":"2026-04-10T18:53:59.125Z"}
{"level":"info","message":"✅ Big Server is connected","timestamp":"2026-04-10T18:54:06.530Z"}
{"level":"warn","message":"⚠️ Socket not connected, cannot request real-time data","timestamp":"2026-04-10T18:54:09.133Z"}
{"level":"warn","message":"❌ DB Manager connection error: ","timestamp":"2026-04-10T18:54:10.564Z"}
{"level":"warn","message":"⚠️ Socket not connected, cannot request real-time data","timestamp":"2026-04-10T18:54:19.139Z"}
{"level":"warn","message":"⚠️ Socket not connected, cannot request real-time data","timestamp":"2026-04-10T18:54:29.154Z"}
{"level":"info","message":"✅ Big Server is connected","timestamp":"2026-04-10T18:54:36.600Z"}
{"level":"warn","message":"⚠️ Socket not connected, cannot request real-time data","timestamp":"2026-04-10T18:54:39.157Z"}
{"level":"warn","message":"❌ DB Manager connection error: ","timestamp":"2026-04-10T18:54:40.619Z"}
{"level":"warn","message":"⚠️ Socket not connected, cannot request real-time data","timestamp":"2026-04-10T18:54:49.158Z"}
{"level":"warn","message":"⚠️ Socket not connected, cannot request real-time data","timestamp":"2026-04-10T18:54:59.161Z"}
{"level":"info","message":"✅ Big Server is connected","timestamp":"2026-04-10T18:55:06.644Z"}
{"level":"warn","message":"⚠️ Socket not connected, cannot request real-time data","timestamp":"2026-04-10T18:55:09.173Z"}
{"level":"warn","message":"❌ DB Manager connection error: ","timestamp":"2026-04-10T18:55:10.680Z"}
{"level":"warn","message":"⚠️ Socket not connected, cannot request real-time data","timestamp":"2026-04-10T18:55:19.180Z"}
{"level":"warn","message":"⚠️ Socket not connected, cannot request real-time data","timestamp":"2026-04-10T18:55:29.185Z"}
{"level":"info","message":"✅ Big Server is connected","timestamp":"2026-04-10T18:55:36.481Z"}
{"level":"warn","message":"⚠️ Socket not connected, cannot request real-time data","timestamp":"2026-04-10T18:55:39.193Z"}
{"level":"warn","message":"❌ DB Manager connection error: ","timestamp":"2026-04-10T18:55:40.496Z"}
{"level":"warn","message":"⚠️ Socket not connected, cannot request real-time data","timestamp":"2026-04-10T18:55:49.206Z"}
{"level":"warn","message":"⚠️ Socket not connected, cannot request real-time data","timestamp":"2026-04-10T18:55:59.217Z"}
{"level":"info","message":"✅ Big Server is connected","timestamp":"2026-04-10T18:56:06.368Z"}
{"level":"warn","message":"⚠️ Socket not connected, cannot request real-time data","timestamp":"2026-04-10T18:56:09.216Z"}
{"level":"warn","message":"❌ DB Manager connection error: ","timestamp":"2026-04-10T18:56:10.393Z"}
{"level":"warn","message":"⚠️ Socket not connected, cannot request real-time data","timestamp":"2026-04-10T18:56:19.223Z"}
{"level":"warn","message":"⚠️ Socket not connected, cannot request real-time data","timestamp":"2026-04-10T18:56:29.231Z"}
{"level":"info","message":"✅ Big Server is connected","timestamp":"2026-04-10T18:56:37.391Z"}
{"level":"warn","message":"⚠️ Socket not connected, cannot request real-time data","timestamp":"2026-04-10T18:56:39.238Z"}
{"level":"warn","message":"❌ DB Manager connection error: ","timestamp":"2026-04-10T18:56:41.426Z"}
{"level":"warn","message":"⚠️ Socket not connected, cannot request real-time data","timestamp":"2026-04-10T18:56:49.243Z"}
{"level":"warn","message":"⚠️ Socket not connected, cannot request real-time data","timestamp":"2026-04-10T18:56:59.247Z"}
{"level":"warn","message":"⚠️ Socket not connected, cannot request real-time data","timestamp":"2026-04-10T18:57:09.253Z"}
{"level":"info","message":"✅ Big Server is connected","timestamp":"2026-04-10T18:57:13.601Z"}
{"level":"warn","message":"❌ DB Manager connection error: ","timestamp":"2026-04-10T18:57:17.632Z"}
{"level":"warn","message":"⚠️ Socket not connected, cannot request real-time data","timestamp":"2026-04-10T18:57:19.262Z"}
{"level":"warn","message":"⚠️ Socket not connected, cannot request real-time data","timestamp":"2026-04-10T18:57:29.274Z"}
{"level":"info","message":"✅ Big Server is connected","timestamp":"2026-04-10T18:57:36.470Z"}
{"level":"warn","message":"⚠️ Socket not connected, cannot request real-time data","timestamp":"2026-04-10T18:57:39.286Z"}
{"level":"warn","message":"❌ DB Manager connection error: ","timestamp":"2026-04-10T18:57:40.495Z"}
{"level":"warn","message":"⚠️ Socket not connected, cannot request real-time data","timestamp":"2026-04-10T18:57:49.298Z"}
{"level":"warn","message":"⚠️ Socket not connected, cannot request real-time data","timestamp":"2026-04-10T18:57:59.307Z"}
{"level":"info","message":"✅ Big Server is connected","timestamp":"2026-04-10T18:58:06.459Z"}
{"level":"warn","message":"⚠️ Socket not connected, cannot request real-time data","timestamp":"2026-04-10T18:58:09.314Z"}
{"level":"warn","message":"❌ DB Manager connection error: ","timestamp":"2026-04-10T18:58:10.484Z"}
{"level":"warn","message":"⚠️ Socket not connected, cannot request real-time data","timestamp":"2026-04-10T18:58:19.323Z"}
{"level":"warn","message":"⚠️ Socket not connected, cannot request real-time data","timestamp":"2026-04-10T18:58:29.326Z"}
{"level":"info","message":"✅ Big Server is connected","timestamp":"2026-04-10T18:58:36.730Z"}
{"level":"warn","message":"⚠️ Socket not connected, cannot request real-time data","timestamp":"2026-04-10T18:58:39.337Z"}
{"level":"warn","message":"❌ DB Manager connection error: ","timestamp":"2026-04-10T18:58:40.749Z"}
{"level":"warn","message":"⚠️ Socket not connected, cannot request real-time data","timestamp":"2026-04-10T18:58:49.343Z"}
{"level":"warn","message":"⚠️ Socket not connected, cannot request real-time data","timestamp":"2026-04-10T18:58:59.348Z"}
{"level":"info","message":"✅ Big Server is connected","timestamp":"2026-04-10T18:59:06.518Z"}
{"level":"warn","message":"⚠️ Socket not connected, cannot request real-time data","timestamp":"2026-04-10T18:59:09.353Z"}
{"level":"warn","message":"❌ DB Manager connection error: ","timestamp":"2026-04-10T18:59:10.536Z"}
{"level":"warn","message":"⚠️ Socket not connected, cannot request real-time data","timestamp":"2026-04-10T18:59:19.367Z"}
{"level":"warn","message":"⚠️ Socket not connected, cannot request real-time data","timestamp":"2026-04-10T18:59:29.367Z"}
{"level":"info","message":"✅ Big Server is connected","timestamp":"2026-04-10T18:59:36.537Z"}
{"level":"warn","message":"⚠️ Socket not connected, cannot request real-time data","timestamp":"2026-04-10T18:59:39.380Z"}
{"level":"warn","message":"❌ DB Manager connection error: ","timestamp":"2026-04-10T18:59:40.558Z"}
{"level":"warn","message":"⚠️ Socket not connected, cannot request real-time data","timestamp":"2026-04-10T18:59:49.382Z"}
{"level":"warn","message":"⚠️ Socket not connected, cannot request real-time data","timestamp":"2026-04-10T18:59:59.391Z"}
{"level":"info","message":"✅ Big Server is connected","timestamp":"2026-04-10T19:00:06.760Z"}
{"level":"warn","message":"⚠️ Socket not connected, cannot request real-time data","timestamp":"2026-04-10T19:00:09.400Z"}
{"level":"warn","message":"❌ DB Manager connection error: ","timestamp":"2026-04-10T19:00:10.787Z"}
{"level":"warn","message":"⚠️ Socket not connected, cannot request real-time data","timestamp":"2026-04-10T19:00:19.407Z"}
{"level":"warn","message":"⚠️ Socket not connected, cannot request real-time data","timestamp":"2026-04-10T19:00:29.415Z"}
{"level":"info","message":"✅ Big Server is connected","timestamp":"2026-04-10T19:00:36.729Z"}
{"level":"warn","message":"⚠️ Socket not connected, cannot request real-time data","timestamp":"2026-04-10T19:00:39.421Z"}
{"level":"warn","message":"❌ DB Manager connection error: ","timestamp":"2026-04-10T19:00:40.767Z"}
{"level":"warn","message":"⚠️ Socket not connected, cannot request real-time data","timestamp":"2026-04-10T19:00:49.427Z"}
{"level":"warn","message":"⚠️ Socket not connected, cannot request real-time data","timestamp":"2026-04-10T19:00:59.436Z"}
{"level":"warn","message":"⚠️ Socket not connected, cannot request real-time data","timestamp":"2026-04-10T19:01:09.451Z"}
{"level":"warn","message":"⚠️ Socket not connected, cannot request real-time data","timestamp":"2026-04-10T19:01:19.452Z"}
{"level":"warn","message":"❌ Big Server connection error: timeout of 5000ms exceeded","timestamp":"2026-04-10T19:01:25.167Z"}
{"level":"warn","message":"❌ DB Manager connection error: ","timestamp":"2026-04-10T19:01:29.180Z"}
{"level":"warn","message":"⚠️ Socket not connected, cannot request real-time data","timestamp":"2026-04-10T19:01:29.464Z"}
{"level":"warn","message":"⚠️ Socket not connected, cannot request real-time data","timestamp":"2026-04-10T19:01:39.467Z"}
{"level":"warn","message":"⚠️ Socket not connected, cannot request real-time data","timestamp":"2026-04-10T19:01:49.468Z"}
{"level":"warn","message":"❌ Big Server connection error: timeout of 5000ms exceeded","timestamp":"2026-04-10T19:01:55.179Z"}
{"level":"warn","message":"❌ DB Manager connection error: ","timestamp":"2026-04-10T19:01:59.224Z"}
{"level":"warn","message":"⚠️ Socket not connected, cannot request real-time data","timestamp":"2026-04-10T19:01:59.474Z"}
{"level":"warn","message":"⚠️ Socket not connected, cannot request real-time data","timestamp":"2026-04-10T19:02:09.482Z"}
{"level":"warn","message":"⚠️ Socket not connected, cannot request real-time data","timestamp":"2026-04-10T19:02:19.485Z"}
{"level":"warn","message":"❌ Big Server connection error: timeout of 5000ms exceeded","timestamp":"2026-04-10T19:02:25.224Z"}
{"level":"warn","message":"❌ DB Manager connection error: ","timestamp":"2026-04-10T19:02:29.262Z"}
{"level":"warn","message":"⚠️ Socket not connected, cannot request real-time data","timestamp":"2026-04-10T19:02:29.487Z"}
{"level":"warn","message":"⚠️ Socket not connected, cannot request real-time data","timestamp":"2026-04-10T19:02:39.504Z"}
{"level":"warn","message":"⚠️ Socket not connected, cannot request real-time data","timestamp":"2026-04-10T19:02:49.508Z"}
{"level":"warn","message":"❌ Big Server connection error: timeout of 5000ms exceeded","timestamp":"2026-04-10T19:02:55.192Z"}
{"level":"warn","message":"❌ DB Manager connection error: ","timestamp":"2026-04-10T19:02:59.218Z"}
{"level":"warn","message":"⚠️ Socket not connected, cannot request real-time data","timestamp":"2026-04-10T19:02:59.511Z"}
{"level":"warn","message":"⚠️ Socket not connected, cannot request real-time data","timestamp":"2026-04-10T19:03:09.521Z"}
{"level":"warn","message":"⚠️ Socket not connected, cannot request real-time data","timestamp":"2026-04-10T19:03:19.531Z"}
{"level":"warn","message":"❌ Big Server connection error: timeout of 5000ms exceeded","timestamp":"2026-04-10T19:03:25.293Z"}
{"level":"warn","message":"❌ DB Manager connection error: ","timestamp":"2026-04-10T19:03:29.318Z"}
{"level":"warn","message":"⚠️ Socket not connected, cannot request real-time data","timestamp":"2026-04-10T19:03:29.534Z"}
{"level":"info","message":"✅ Big Server is connected","timestamp":"2026-04-10T19:03:38.191Z"}
{"level":"warn","message":"⚠️ Socket not connected, cannot request real-time data","timestamp":"2026-04-10T19:03:39.551Z"}
{"level":"warn","message":"❌ DB Manager connection error: ","timestamp":"2026-04-10T19:03:42.238Z"}
{"level":"warn","message":"⚠️ Socket not connected, cannot request real-time data","timestamp":"2026-04-10T19:03:49.555Z"}
{"level":"warn","message":"⚠️ Socket not connected, cannot request real-time data","timestamp":"2026-04-10T19:03:59.563Z"}
{"level":"info","message":"✅ Big Server is connected","timestamp":"2026-04-10T19:04:09.121Z"}
{"level":"warn","message":"⚠️ Socket not connected, cannot request real-time data","timestamp":"2026-04-10T19:04:09.568Z"}
{"level":"warn","message":"❌ DB Manager connection error: ","timestamp":"2026-04-10T19:04:13.147Z"}
{"level":"warn","message":"⚠️ Socket not connected, cannot request real-time data","timestamp":"2026-04-10T19:04:19.578Z"}
{"level":"warn","message":"⚠️ Socket not connected, cannot request real-time data","timestamp":"2026-04-10T19:04:29.589Z"}
{"level":"info","message":"✅ Big Server is connected","timestamp":"2026-04-10T19:04:36.777Z"}
{"level":"warn","message":"⚠️ Socket not connected, cannot request real-time data","timestamp":"2026-04-10T19:04:39.594Z"}
{"level":"warn","message":"❌ DB Manager connection error: ","timestamp":"2026-04-10T19:04:40.809Z"}
{"level":"warn","message":"⚠️ Socket not connected, cannot request real-time data","timestamp":"2026-04-10T19:04:49.602Z"}
{"level":"warn","message":"⚠️ Socket not connected, cannot request real-time data","timestamp":"2026-04-10T19:04:59.617Z"}
{"level":"info","message":"✅ Big Server is connected","timestamp":"2026-04-10T19:05:07.131Z"}
{"level":"warn","message":"⚠️ Socket not connected, cannot request real-time data","timestamp":"2026-04-10T19:05:09.630Z"}
{"level":"warn","message":"❌ DB Manager connection error: ","timestamp":"2026-04-10T19:05:11.155Z"}
{"level":"warn","message":"⚠️ Socket not connected, cannot request real-time data","timestamp":"2026-04-10T19:05:19.637Z"}
{"level":"warn","message":"⚠️ Socket not connected, cannot request real-time data","timestamp":"2026-04-10T19:05:29.638Z"}
{"level":"info","message":"✅ Big Server is connected","timestamp":"2026-04-10T19:05:36.462Z"}
{"level":"warn","message":"⚠️ Socket not connected, cannot request real-time data","timestamp":"2026-04-10T19:05:39.641Z"}
{"level":"warn","message":"❌ DB Manager connection error: ","timestamp":"2026-04-10T19:05:40.536Z"}
{"level":"warn","message":"⚠️ Socket not connected, cannot request real-time data","timestamp":"2026-04-10T19:05:49.654Z"}
{"level":"warn","message":"⚠️ Socket not connected, cannot request real-time data","timestamp":"2026-04-10T19:05:59.662Z"}
{"level":"info","message":"✅ Big Server is connected","timestamp":"2026-04-10T19:06:06.463Z"}
{"level":"warn","message":"⚠️ Socket not connected, cannot request real-time data","timestamp":"2026-04-10T19:06:09.665Z"}
{"level":"warn","message":"❌ DB Manager connection error: ","timestamp":"2026-04-10T19:06:10.498Z"}
{"level":"warn","message":"⚠️ Socket not connected, cannot request real-time data","timestamp":"2026-04-10T19:06:19.667Z"}
{"level":"warn","message":"⚠️ Socket not connected, cannot request real-time data","timestamp":"2026-04-10T19:06:29.728Z"}
{"level":"info","message":"✅ Big Server is connected","timestamp":"2026-04-10T19:06:36.694Z"}
{"level":"warn","message":"⚠️ Socket not connected, cannot request real-time data","timestamp":"2026-04-10T19:06:39.680Z"}
{"level":"warn","message":"❌ DB Manager connection error: ","timestamp":"2026-04-10T19:06:40.718Z"}
{"level":"warn","message":"⚠️ Socket not connected, cannot request real-time data","timestamp":"2026-04-10T19:06:49.693Z"}
{"level":"warn","message":"⚠️ Socket not connected, cannot request real-time data","timestamp":"2026-04-10T19:06:59.705Z"}
{"level":"info","message":"✅ Big Server is connected","timestamp":"2026-04-11T08:17:19.721Z"}
{"level":"info","message":"✅ DB Manager is connected locally","timestamp":"2026-04-11T08:17:19.732Z"}
{"level":"info","message":"🔌 Connecting to DB Manager via Socket.IO...","timestamp":"2026-04-11T08:17:19.735Z"}
{"level":"info","message":"✅ Connected to DB Manager via Socket.IO","timestamp":"2026-04-11T08:17:19.757Z"}
{"level":"info","message":"🎯 DB Manager acknowledged connection: Connected to Database Manager","socketId":"ZTeNx_x1uRkJ_AvMAAAF","timestamp":"2026-04-11T08:17:19.758Z"}
{"level":"info","message":"📊 Requesting real-time game data for Stage H","timestamp":"2026-04-11T08:17:29.750Z"}
{"level":"info","message":"📊 Requesting real-time game data for Stage H","timestamp":"2026-04-11T08:17:39.759Z"}
{"level":"info","message":"📊 Requesting real-time game data for Stage H","timestamp":"2026-04-11T08:17:49.756Z"}
{"level":"info","message":"✅ Big Server is connected","timestamp":"2026-04-11T08:17:50.025Z"}
{"level":"info","message":"✅ DB Manager is connected locally","timestamp":"2026-04-11T08:17:50.048Z"}
{"level":"info","message":"📊 Requesting real-time game data for Stage H","timestamp":"2026-04-11T08:17:59.776Z"}
{"level":"info","message":"📊 Requesting real-time game data for Stage H","timestamp":"2026-04-11T08:18:09.782Z"}
{"level":"info","message":"📊 Requesting real-time game data for Stage H","timestamp":"2026-04-11T08:18:19.777Z"}
{"level":"info","message":"✅ Big Server is connected","timestamp":"2026-04-11T08:18:20.063Z"}
{"level":"info","message":"✅ DB Manager is connected locally","timestamp":"2026-04-11T08:18:20.080Z"}
{"level":"info","message":"📊 Requesting real-time game data for Stage H","timestamp":"2026-04-11T08:18:29.785Z"}
{"level":"info","message":"📊 Requesting real-time game data for Stage H","timestamp":"2026-04-11T08:18:39.784Z"}
{"level":"info","message":"📊 Requesting real-time game data for Stage H","timestamp":"2026-04-11T08:18:49.787Z"}
{"level":"info","message":"✅ Big Server is connected","timestamp":"2026-04-11T08:18:50.030Z"}
{"level":"info","message":"✅ DB Manager is connected locally","timestamp":"2026-04-11T08:18:50.039Z"}
{"level":"info","message":"📊 Requesting real-time game data for Stage H","timestamp":"2026-04-11T08:18:59.788Z"}
{"level":"info","message":"📊 Requesting real-time game data for Stage H","timestamp":"2026-04-11T08:19:09.800Z"}
{"level":"info","message":"📊 Requesting real-time game data for Stage H","timestamp":"2026-04-11T08:19:19.797Z"}
{"level":"info","message":"✅ Big Server is connected","timestamp":"2026-04-11T08:19:20.092Z"}
{"level":"info","message":"✅ DB Manager is connected locally","timestamp":"2026-04-11T08:19:20.097Z"}
{"level":"info","message":"📊 Requesting real-time game data for Stage H","timestamp":"2026-04-11T08:19:29.809Z"}
{"level":"info","message":"📊 Requesting real-time game data for Stage H","timestamp":"2026-04-11T08:19:39.826Z"}
{"level":"info","message":"📊 Requesting real-time game data for Stage H","timestamp":"2026-04-11T08:19:49.827Z"}
{"level":"info","message":"✅ Big Server is connected","timestamp":"2026-04-11T08:19:50.092Z"}
{"level":"info","message":"✅ DB Manager is connected locally","timestamp":"2026-04-11T08:19:50.150Z"}
{"level":"info","message":"📊 Requesting real-time game data for Stage H","timestamp":"2026-04-11T08:19:59.830Z"}
{"level":"info","message":"📊 Requesting real-time game data for Stage H","timestamp":"2026-04-11T08:20:09.837Z"}
{"level":"info","message":"📊 Requesting real-time game data for Stage H","timestamp":"2026-04-11T08:20:19.840Z"}
{"level":"info","message":"✅ Big Server is connected","timestamp":"2026-04-11T08:20:20.133Z"}
{"level":"info","message":"✅ DB Manager is connected locally","timestamp":"2026-04-11T08:20:20.143Z"}
{"level":"info","message":"📊 Requesting real-time game data for Stage H","timestamp":"2026-04-11T08:20:29.848Z"}
{"level":"info","message":"📊 Requesting real-time game data for Stage H","timestamp":"2026-04-11T08:20:39.848Z"}
{"level":"info","message":"🔌 Disconnected from DB Manager:","timestamp":"2026-04-11T08:20:41.283Z"}
{"level":"warn","message":"❌ Socket.IO connection error:","timestamp":"2026-04-11T08:20:42.363Z"}
{"level":"info","message":"🔌 Connecting to DB Manager via Socket.IO...","timestamp":"2026-04-11T08:20:42.368Z"}
{"level":"info","message":"✅ Connected to DB Manager via Socket.IO","timestamp":"2026-04-11T08:20:43.362Z"}
{"level":"info","message":"🎯 DB Manager acknowledged connection: Connected to Database Manager","socketId":"eFEDd8BHSHbpKX6rAABN","timestamp":"2026-04-11T08:20:44.084Z"}
{"level":"info","message":"📊 Requesting real-time game data for Stage H","timestamp":"2026-04-11T08:20:49.859Z"}
{"level":"info","message":"✅ Big Server is connected","timestamp":"2026-04-11T08:20:50.077Z"}
{"level":"warn","message":"⚠️ Local DB Manager connection failed, switching to fallback URL https://db-manager-1.onrender.com","timestamp":"2026-04-11T08:20:54.126Z"}
{"level":"warn","message":"❌ DB Manager connection error: Request failed with status code 429","timestamp":"2026-04-11T08:20:58.965Z"}
{"level":"info","message":"📊 Requesting real-time game data for Stage H","timestamp":"2026-04-11T08:20:59.870Z"}
{"level":"info","message":"📊 Requesting real-time game data for Stage H","timestamp":"2026-04-11T08:21:09.878Z"}
{"level":"info","message":"📊 Requesting real-time game data for Stage H","timestamp":"2026-04-11T08:21:19.881Z"}
{"level":"info","message":"✅ Big Server is connected","timestamp":"2026-04-11T08:21:20.080Z"}
{"level":"warn","message":"⚠️ Local DB Manager connection failed, switching to fallback URL https://db-manager-1.onrender.com","timestamp":"2026-04-11T08:21:24.113Z"}
{"level":"warn","message":"❌ DB Manager connection error: Request failed with status code 429","timestamp":"2026-04-11T08:21:28.870Z"}
{"level":"info","message":"📊 Requesting real-time game data for Stage H","timestamp":"2026-04-11T08:21:29.885Z"}
{"level":"info","message":"📊 Requesting real-time game data for Stage H","timestamp":"2026-04-11T08:21:39.944Z"}
{"level":"info","message":"📊 Requesting real-time game data for Stage H","timestamp":"2026-04-11T08:21:49.904Z"}
{"level":"info","message":"✅ Big Server is connected","timestamp":"2026-04-11T08:21:50.104Z"}
{"level":"info","message":"✅ DB Manager is connected locally","timestamp":"2026-04-11T08:21:50.147Z"}
{"level":"info","message":"📊 Requesting real-time game data for Stage H","timestamp":"2026-04-11T08:21:59.913Z"}
{"level":"info","message":"📊 Requesting real-time game data for Stage H","timestamp":"2026-04-11T08:22:09.923Z"}
{"level":"info","message":"📊 Requesting real-time game data for Stage H","timestamp":"2026-04-11T08:22:19.934Z"}
{"level":"info","message":"✅ Big Server is connected","timestamp":"2026-04-11T08:22:20.091Z"}
{"level":"info","message":"✅ DB Manager is connected locally","timestamp":"2026-04-11T08:22:20.105Z"}
{"level":"info","message":"📊 Requesting real-time game data for Stage H","timestamp":"2026-04-11T08:22:29.939Z"}
{"level":"info","message":"📊 Requesting real-time game data for Stage H","timestamp":"2026-04-11T08:22:39.951Z"}
{"level":"info","message":"📊 Requesting real-time game data for Stage H","timestamp":"2026-04-11T08:22:49.955Z"}
{"level":"info","message":"✅ Big Server is connected","timestamp":"2026-04-11T08:22:50.097Z"}
{"level":"info","message":"✅ DB Manager is connected locally","timestamp":"2026-04-11T08:22:50.113Z"}
{"level":"info","message":"📊 Requesting real-time game data for Stage H","timestamp":"2026-04-11T08:22:59.997Z"}
{"level":"info","message":"📊 Requesting real-time game data for Stage H","timestamp":"2026-04-11T08:23:09.977Z"}
{"level":"info","message":"📊 Requesting real-time game data for Stage H","timestamp":"2026-04-11T08:23:19.997Z"}
{"level":"info","message":"✅ Big Server is connected","timestamp":"2026-04-11T08:23:20.109Z"}
{"level":"info","message":"✅ DB Manager is connected locally","timestamp":"2026-04-11T08:23:20.115Z"}
{"level":"info","message":"📊 Requesting real-time game data for Stage H","timestamp":"2026-04-11T08:23:30.005Z"}
{"level":"info","message":"📊 Requesting real-time game data for Stage H","timestamp":"2026-04-11T08:23:40.003Z"}
{"level":"info","message":"📊 Requesting real-time game data for Stage H","timestamp":"2026-04-11T08:23:50.016Z"}
{"level":"info","message":"✅ Big Server is connected","timestamp":"2026-04-11T08:23:50.100Z"}
{"level":"info","message":"✅ DB Manager is connected locally","timestamp":"2026-04-11T08:23:50.118Z"}
{"level":"info","message":"📊 Requesting real-time game data for Stage H","timestamp":"2026-04-11T08:24:00.023Z"}
{"level":"info","message":"📊 Requesting real-time game data for Stage H","timestamp":"2026-04-11T08:24:10.030Z"}
{"level":"info","message":"📊 Requesting real-time game data for Stage H","timestamp":"2026-04-11T08:24:20.040Z"}
{"level":"info","message":"✅ Big Server is connected","timestamp":"2026-04-11T08:24:20.123Z"}
{"level":"info","message":"✅ DB Manager is connected locally","timestamp":"2026-04-11T08:24:20.139Z"}
{"level":"info","message":"📊 Requesting real-time game data for Stage H","timestamp":"2026-04-11T08:24:30.050Z"}
{"level":"info","message":"📊 Requesting real-time game data for Stage H","timestamp":"2026-04-11T08:24:40.054Z"}
{"level":"info","message":"📊 Requesting real-time game data for Stage H","timestamp":"2026-04-11T08:24:50.057Z"}
{"level":"info","message":"✅ Big Server is connected","timestamp":"2026-04-11T08:24:50.113Z"}
{"level":"info","message":"✅ DB Manager is connected locally","timestamp":"2026-04-11T08:24:50.122Z"}
{"level":"info","message":"📊 Requesting real-time game data for Stage H","timestamp":"2026-04-11T08:25:00.085Z"}
{"level":"info","message":"📊 Requesting real-time game data for Stage H","timestamp":"2026-04-11T08:25:10.076Z"}
{"level":"info","message":"📊 Requesting real-time game data for Stage H","timestamp":"2026-04-11T08:25:20.075Z"}
{"level":"info","message":"✅ Big Server is connected","timestamp":"2026-04-11T08:25:20.115Z"}
{"level":"info","message":"✅ DB Manager is connected locally","timestamp":"2026-04-11T08:25:20.127Z"}
{"level":"info","message":"📊 Requesting real-time game data for Stage H","timestamp":"2026-04-11T08:25:30.084Z"}
{"level":"info","message":"📊 Requesting real-time game data for Stage H","timestamp":"2026-04-11T08:25:40.097Z"}
{"level":"info","message":"📊 Requesting real-time game data for Stage H","timestamp":"2026-04-11T08:25:50.105Z"}
{"level":"info","message":"✅ Big Server is connected","timestamp":"2026-04-11T08:25:50.116Z"}
{"level":"info","message":"✅ DB Manager is connected locally","timestamp":"2026-04-11T08:25:50.145Z"}
{"level":"info","message":"📊 Requesting real-time game data for Stage H","timestamp":"2026-04-11T08:26:00.110Z"}
{"level":"info","message":"✅ Big Server is connected","timestamp":"2026-04-11T08:26:10.365Z"}
